[2026-04-01 22:28:21] OK: sleeping | crypto/bayesian | equity=$69242.7
[2026-04-01 22:28:21] All checks passed.
[2026-04-01 22:30:01] OK: sleeping | crypto/bayesian | equity=$69242.7
[2026-04-01 22:30:01] All checks passed.
[2026-04-01 22:30:01] OK: sleeping | crypto/bayesian | equity=$69242.7
[2026-04-01 22:30:01] All checks passed.
[2026-04-01 22:45:01] OK: sleeping | crypto/bayesian | equity=$69242.7
[2026-04-01 22:45:01] All checks passed.
[2026-04-01 22:45:01] OK: sleeping | crypto/bayesian | equity=$69242.7
[2026-04-01 22:45:01] All checks passed.
[2026-04-01 23:00:01] OK: sleeping | crypto/bayesian | equity=$69242.7
[2026-04-01 23:00:01] All checks passed.
[2026-04-01 23:00:01] OK: sleeping | crypto/bayesian | equity=$69242.7
[2026-04-01 23:00:01] All checks passed.
[2026-04-01 23:15:01] OK: running | crypto/bayesian | equity=$69242.7
[2026-04-01 23:15:01] All checks passed.
[2026-04-01 23:15:01] OK: running | crypto/bayesian | equity=$69242.7
[2026-04-01 23:15:01] All checks passed.
[2026-04-01 23:30:02] OK: running | crypto/bayesian | equity=$69242.7
[2026-04-01 23:30:02] All checks passed.
[2026-04-01 23:30:02] OK: running | crypto/bayesian | equity=$69242.7
[2026-04-01 23:30:02] All checks passed.
[2026-04-01 23:45:01] OK: running | crypto/bayesian | equity=$69242.7
[2026-04-01 23:45:01] All checks passed.
[2026-04-01 23:45:01] OK: running | crypto/bayesian | equity=$69242.7
[2026-04-01 23:45:01] All checks passed.
[2026-04-02 00:00:01] OK: running | crypto/bayesian | equity=$69242.7
[2026-04-02 00:00:01] All checks passed.
[2026-04-02 00:00:01] OK: running | crypto/bayesian | equity=$69242.7
[2026-04-02 00:00:01] All checks passed.
[2026-04-02 00:15:02] OK: running | crypto/bayesian | equity=$69242.7
[2026-04-02 00:15:02] All checks passed.
[2026-04-02 00:15:02] OK: running | crypto/bayesian | equity=$69242.7
[2026-04-02 00:15:02] All checks passed.
[2026-04-02 00:30:01] OK: running | crypto/bayesian | equity=$69242.7
[2026-04-02 00:30:01] All checks passed.
[2026-04-02 00:30:01] OK: running | crypto/bayesian | equity=$69242.7
[2026-04-02 00:30:01] All checks passed.
[2026-04-02 00:45:02] OK: running | crypto/bayesian | equity=$69242.7
[2026-04-02 00:45:02] All checks passed.
[2026-04-02 00:45:02] OK: running | crypto/bayesian | equity=$69242.7
[2026-04-02 00:45:02] All checks passed.
[2026-04-02 01:00:01] OK: running | crypto/bayesian | equity=$69242.7
[2026-04-02 01:00:01] All checks passed.
[2026-04-02 01:00:01] OK: running | crypto/bayesian | equity=$69242.7
[2026-04-02 01:00:01] All checks passed.
[2026-04-02 01:15:01] OK: running | crypto/bayesian | equity=$69242.7
[2026-04-02 01:15:01] All checks passed.
[2026-04-02 01:15:01] OK: running | crypto/bayesian | equity=$69242.7
[2026-04-02 01:15:01] All checks passed.
[2026-04-02 01:30:02] OK: running | crypto/bayesian | equity=$69242.69
[2026-04-02 01:30:02] All checks passed.
[2026-04-02 01:30:02] OK: running | crypto/bayesian | equity=$69242.69
[2026-04-02 01:30:02] All checks passed.
[2026-04-02 01:45:01] OK: running | crypto/bayesian | equity=$69242.69
[2026-04-02 01:45:01] All checks passed.
[2026-04-02 01:45:01] OK: running | crypto/bayesian | equity=$69242.69
[2026-04-02 01:45:01] All checks passed.
[2026-04-02 02:00:01] OK: running | crypto/bayesian | equity=$69242.69
[2026-04-02 02:00:01] All checks passed.
[2026-04-02 02:00:01] OK: running | crypto/bayesian | equity=$69242.69
[2026-04-02 02:00:01] All checks passed.
[2026-04-02 02:15:02] OK: running | crypto/bayesian | equity=$69242.69
[2026-04-02 02:15:02] All checks passed.
[2026-04-02 02:15:02] OK: running | crypto/bayesian | equity=$69242.69
[2026-04-02 02:15:02] All checks passed.
[2026-04-02 02:30:01] OK: running | crypto/bayesian | equity=$69242.69
[2026-04-02 02:30:01] All checks passed.
[2026-04-02 02:30:01] OK: running | crypto/bayesian | equity=$69242.69
[2026-04-02 02:30:01] All checks passed.
[2026-04-02 02:45:02] OK: running | crypto/bayesian | equity=$69242.69
[2026-04-02 02:45:02] All checks passed.
[2026-04-02 02:45:02] OK: running | crypto/bayesian | equity=$69242.69
[2026-04-02 02:45:02] All checks passed.
[2026-04-02 03:00:01] OK: running | crypto/bayesian | equity=$69242.69
[2026-04-02 03:00:01] All checks passed.
[2026-04-02 03:00:01] OK: running | crypto/bayesian | equity=$69242.69
[2026-04-02 03:00:01] All checks passed.
[2026-04-02 03:15:01] OK: running | crypto/bayesian | equity=$69242.69
[2026-04-02 03:15:01] All checks passed.
[2026-04-02 03:15:01] OK: running | crypto/bayesian | equity=$69242.69
[2026-04-02 03:15:01] All checks passed.
[2026-04-02 03:30:02] OK: running | crypto/bayesian | equity=$69242.69
[2026-04-02 03:30:02] All checks passed.
[2026-04-02 03:30:02] OK: running | crypto/bayesian | equity=$69242.69
[2026-04-02 03:30:02] All checks passed.
[2026-04-02 03:45:01] OK: running | crypto/bayesian | equity=$69242.69
[2026-04-02 03:45:01] All checks passed.
[2026-04-02 03:45:01] OK: running | crypto/bayesian | equity=$69242.69
[2026-04-02 03:45:01] All checks passed.
[2026-04-02 04:00:01] OK: running | crypto/bayesian | equity=$69242.69
[2026-04-02 04:00:01] All checks passed.
[2026-04-02 04:00:01] OK: running | crypto/bayesian | equity=$69242.69
[2026-04-02 04:00:01] All checks passed.
[2026-04-02 04:15:01] OK: running | crypto/bayesian | equity=$69242.69
[2026-04-02 04:15:01] All checks passed.
[2026-04-02 04:15:01] OK: running | crypto/bayesian | equity=$69242.69
[2026-04-02 04:15:01] All checks passed.
[2026-04-02 04:30:01] OK: running | crypto/bayesian | equity=$69242.69
[2026-04-02 04:30:01] All checks passed.
[2026-04-02 04:30:01] OK: running | crypto/bayesian | equity=$69242.69
[2026-04-02 04:30:01] All checks passed.
[2026-04-02 04:45:02] OK: running | crypto/bayesian | equity=$69242.69
[2026-04-02 04:45:02] All checks passed.
[2026-04-02 04:45:02] OK: running | crypto/bayesian | equity=$69242.69
[2026-04-02 04:45:02] All checks passed.
[2026-04-02 05:00:01] OK: running | crypto/bayesian | equity=$69242.69
[2026-04-02 05:00:01] All checks passed.
[2026-04-02 05:00:01] OK: running | crypto/bayesian | equity=$69242.69
[2026-04-02 05:00:01] All checks passed.
[2026-04-02 05:15:01] OK: running | crypto/bayesian | equity=$69242.69
[2026-04-02 05:15:01] All checks passed.
[2026-04-02 05:15:01] OK: running | crypto/bayesian | equity=$69242.69
[2026-04-02 05:15:01] All checks passed.
[2026-04-02 05:30:02] OK: running | crypto/bayesian | equity=$69242.69
[2026-04-02 05:30:02] All checks passed.
[2026-04-02 05:30:02] OK: running | crypto/bayesian | equity=$69242.69
[2026-04-02 05:30:02] All checks passed.
[2026-04-02 05:45:01] OK: running | crypto/bayesian | equity=$69242.69
[2026-04-02 05:45:01] All checks passed.
[2026-04-02 05:45:01] OK: running | crypto/bayesian | equity=$69242.69
[2026-04-02 05:45:01] All checks passed.
[2026-04-02 06:00:02] OK: running | crypto/bayesian | equity=$69242.69
[2026-04-02 06:00:02] All checks passed.
[2026-04-02 06:00:02] OK: running | crypto/bayesian | equity=$69242.69
[2026-04-02 06:00:02] All checks passed.
[2026-04-02 06:15:01] OK: running | crypto/bayesian | equity=$69242.69
[2026-04-02 06:15:01] All checks passed.
[2026-04-02 06:15:01] OK: running | crypto/bayesian | equity=$69242.69
[2026-04-02 06:15:01] All checks passed.
[2026-04-02 06:30:01] OK: running | crypto/bayesian | equity=$69242.69
[2026-04-02 06:30:01] All checks passed.
[2026-04-02 06:30:01] OK: running | crypto/bayesian | equity=$69242.69
[2026-04-02 06:30:01] All checks passed.
[2026-04-02 06:45:01] OK: running | stock/mean_reversion | equity=$69242.69
[2026-04-02 06:45:01] All checks passed.
[2026-04-02 06:45:01] OK: running | stock/mean_reversion | equity=$69242.69
[2026-04-02 06:45:01] All checks passed.
[2026-04-02 07:00:01] OK: running | stock/mean_reversion | equity=$69242.69
[2026-04-02 07:00:01] All checks passed.
[2026-04-02 07:00:01] OK: running | stock/mean_reversion | equity=$69242.69
[2026-04-02 07:00:01] All checks passed.
[2026-04-02 07:15:02] OK: running | stock/mean_reversion | equity=$69242.69
[2026-04-02 07:15:02] All checks passed.
[2026-04-02 07:15:02] OK: running | stock/mean_reversion | equity=$69242.69
[2026-04-02 07:15:02] All checks passed.
[2026-04-02 07:30:01] OK: running | stock/mean_reversion | equity=$69242.69
[2026-04-02 07:30:01] All checks passed.
[2026-04-02 07:30:01] OK: running | stock/mean_reversion | equity=$69242.69
[2026-04-02 07:30:01] All checks passed.
[2026-04-02 07:45:01] OK: running | stock/mean_reversion | equity=$69242.69
[2026-04-02 07:45:01] All checks passed.
[2026-04-02 07:45:01] OK: running | stock/mean_reversion | equity=$69242.69
[2026-04-02 07:45:01] All checks passed.
[2026-04-02 08:00:02] OK: running | stock/mean_reversion | equity=$69242.69
[2026-04-02 08:00:02] All checks passed.
[2026-04-02 08:00:02] OK: running | stock/mean_reversion | equity=$69242.69
[2026-04-02 08:00:02] All checks passed.
[2026-04-02 08:15:01] OK: running | stock/mean_reversion | equity=$69242.69
[2026-04-02 08:15:01] All checks passed.
[2026-04-02 08:15:01] OK: running | stock/mean_reversion | equity=$69242.69
[2026-04-02 08:15:01] All checks passed.
[2026-04-02 08:30:02] OK: rebalancing | stock/mean_reversion | equity=$None
[2026-04-02 08:30:02] All checks passed.
[2026-04-02 08:30:02] OK: rebalancing | stock/mean_reversion | equity=$None
[2026-04-02 08:30:02] All checks passed.
[2026-04-02 08:45:01] OK: running | stock/mean_reversion | equity=$68998.07
[2026-04-02 08:45:01] All checks passed.
[2026-04-02 08:45:01] OK: running | stock/mean_reversion | equity=$68998.07
[2026-04-02 08:45:01] All checks passed.
[2026-04-02 09:00:01] OK: running | stock/mean_reversion | equity=$69339.62
[2026-04-02 09:00:01] All checks passed.
[2026-04-02 09:00:01] OK: running | stock/mean_reversion | equity=$69339.62
[2026-04-02 09:00:01] All checks passed.
[2026-04-02 09:15:02] OK: running | stock/mean_reversion | equity=$68740.01
[2026-04-02 09:15:02] All checks passed.
[2026-04-02 09:15:02] OK: running | stock/mean_reversion | equity=$68740.01
[2026-04-02 09:15:02] All checks passed.
[2026-04-02 09:30:01] OK: running | stock/mean_reversion | equity=$68455.96
[2026-04-02 09:30:01] All checks passed.
[2026-04-02 09:30:01] OK: running | stock/mean_reversion | equity=$68455.96
[2026-04-02 09:30:01] All checks passed.
[2026-04-02 09:45:01] OK: running | stock/mean_reversion | equity=$68447.23
[2026-04-02 09:45:02] All checks passed.
[2026-04-02 09:45:01] OK: running | stock/mean_reversion | equity=$68447.23
[2026-04-02 09:45:02] All checks passed.
[2026-04-02 10:00:01] OK: running | stock/mean_reversion | equity=$68506.82
[2026-04-02 10:00:01] All checks passed.
[2026-04-02 10:00:01] OK: running | stock/mean_reversion | equity=$68506.82
[2026-04-02 10:00:01] All checks passed.
[2026-04-02 10:15:01] OK: running | stock/mean_reversion | equity=$68444.07
[2026-04-02 10:15:01] All checks passed.
[2026-04-02 10:15:01] OK: running | stock/mean_reversion | equity=$68444.07
[2026-04-02 10:15:01] All checks passed.
[2026-04-02 10:30:02] OK: running | stock/mean_reversion | equity=$68579.82
[2026-04-02 10:30:02] All checks passed.
[2026-04-02 10:30:02] OK: running | stock/mean_reversion | equity=$68579.82
[2026-04-02 10:30:02] All checks passed.
[2026-04-02 10:45:01] OK: running | stock/mean_reversion | equity=$68497.83
[2026-04-02 10:45:01] All checks passed.
[2026-04-02 10:45:01] OK: running | stock/mean_reversion | equity=$68497.83
[2026-04-02 10:45:01] All checks passed.
[2026-04-02 11:00:01] OK: running | stock/mean_reversion | equity=$68382.46
[2026-04-02 11:00:01] All checks passed.
[2026-04-02 11:00:01] OK: running | stock/mean_reversion | equity=$68382.46
[2026-04-02 11:00:01] All checks passed.
[2026-04-02 11:15:02] OK: running | stock/mean_reversion | equity=$68352.28
[2026-04-02 11:15:02] All checks passed.
[2026-04-02 11:15:02] OK: running | stock/mean_reversion | equity=$68352.28
[2026-04-02 11:15:02] All checks passed.
[2026-04-02 11:30:01] OK: running | stock/mean_reversion | equity=$68226.61
[2026-04-02 11:30:01] All checks passed.
[2026-04-02 11:30:01] OK: running | stock/mean_reversion | equity=$68226.61
[2026-04-02 11:30:01] All checks passed.
[2026-04-02 11:45:02] OK: running | stock/mean_reversion | equity=$68639.43
[2026-04-02 11:45:02] All checks passed.
[2026-04-02 11:45:02] OK: running | stock/mean_reversion | equity=$68639.43
[2026-04-02 11:45:02] All checks passed.
[2026-04-02 12:00:01] OK: running | stock/mean_reversion | equity=$68691.07
[2026-04-02 12:00:01] All checks passed.
[2026-04-02 12:00:01] OK: running | stock/mean_reversion | equity=$68691.07
[2026-04-02 12:00:01] All checks passed.
[2026-04-02 12:15:01] OK: running | stock/mean_reversion | equity=$68542.02
[2026-04-02 12:15:01] All checks passed.
[2026-04-02 12:15:01] OK: running | stock/mean_reversion | equity=$68542.02
[2026-04-02 12:15:01] All checks passed.
[2026-04-02 12:30:02] OK: running | stock/mean_reversion | equity=$68472.08
[2026-04-02 12:30:02] All checks passed.
[2026-04-02 12:30:02] OK: running | stock/mean_reversion | equity=$68472.08
[2026-04-02 12:30:02] All checks passed.
[2026-04-02 12:45:01] OK: running | stock/mean_reversion | equity=$68152.06
[2026-04-02 12:45:01] All checks passed.
[2026-04-02 12:45:01] OK: running | stock/mean_reversion | equity=$68152.06
[2026-04-02 12:45:01] All checks passed.
[2026-04-02 13:00:01] OK: running | stock/mean_reversion | equity=$68335.08
[2026-04-02 13:00:01] All checks passed.
[2026-04-02 13:00:01] OK: running | stock/mean_reversion | equity=$68335.08
[2026-04-02 13:00:01] All checks passed.
[2026-04-02 13:15:01] OK: running | crypto/bayesian | equity=$68363.25
[2026-04-02 13:15:01] All checks passed.
[2026-04-02 13:15:01] OK: running | crypto/bayesian | equity=$68363.25
[2026-04-02 13:15:01] All checks passed.
[2026-04-02 13:30:01] OK: running | crypto/bayesian | equity=$68307.57
[2026-04-02 13:30:01] All checks passed.
[2026-04-02 13:30:01] OK: running | crypto/bayesian | equity=$68307.57
[2026-04-02 13:30:01] All checks passed.
[2026-04-02 13:45:02] OK: running | crypto/bayesian | equity=$68344.38
[2026-04-02 13:45:02] All checks passed.
[2026-04-02 13:45:02] OK: running | crypto/bayesian | equity=$68344.38
[2026-04-02 13:45:02] All checks passed.
[2026-04-02 14:00:01] OK: running | crypto/bayesian | equity=$68363.25
[2026-04-02 14:00:01] All checks passed.
[2026-04-02 14:00:01] OK: running | crypto/bayesian | equity=$68363.25
[2026-04-02 14:00:01] All checks passed.
[2026-04-02 14:15:01] OK: running | crypto/bayesian | equity=$68457.15
[2026-04-02 14:15:01] All checks passed.
[2026-04-02 14:15:01] OK: running | crypto/bayesian | equity=$68457.15
[2026-04-02 14:15:01] All checks passed.
[2026-04-02 14:30:02] OK: running | crypto/bayesian | equity=$68453.77
[2026-04-02 14:30:02] All checks passed.
[2026-04-02 14:30:02] OK: running | crypto/bayesian | equity=$68453.77
[2026-04-02 14:30:02] All checks passed.
[2026-04-02 14:45:01] OK: running | crypto/bayesian | equity=$68494.71
[2026-04-02 14:45:01] All checks passed.
[2026-04-02 14:45:01] OK: running | crypto/bayesian | equity=$68494.71
[2026-04-02 14:45:01] All checks passed.
[2026-04-02 15:00:01] OK: running | crypto/bayesian | equity=$68410.2
[2026-04-02 15:00:02] All checks passed.
[2026-04-02 15:00:01] OK: running | crypto/bayesian | equity=$68410.2
[2026-04-02 15:00:02] All checks passed.
[2026-04-02 15:15:01] OK: running | crypto/bayesian | equity=$68372.64
[2026-04-02 15:15:01] All checks passed.
[2026-04-02 15:15:01] OK: running | crypto/bayesian | equity=$68372.64
[2026-04-02 15:15:01] All checks passed.
[2026-04-02 15:30:01] OK: running | crypto/bayesian | equity=$68400.34
[2026-04-02 15:30:01] All checks passed.
[2026-04-02 15:30:01] OK: running | crypto/bayesian | equity=$68400.34
[2026-04-02 15:30:01] All checks passed.
[2026-04-02 15:45:02] OK: running | crypto/bayesian | equity=$68241.18
[2026-04-02 15:45:02] All checks passed.
[2026-04-02 15:45:02] OK: running | crypto/bayesian | equity=$68241.18
[2026-04-02 15:45:02] All checks passed.
[2026-04-02 16:00:01] OK: running | crypto/bayesian | equity=$68285.82
[2026-04-02 16:00:01] All checks passed.
[2026-04-02 16:00:01] OK: running | crypto/bayesian | equity=$68285.82
[2026-04-02 16:00:01] All checks passed.
[2026-04-02 16:15:01] OK: running | crypto/bayesian | equity=$68332.08
[2026-04-02 16:15:01] All checks passed.
[2026-04-02 16:15:01] OK: running | crypto/bayesian | equity=$68332.08
[2026-04-02 16:15:01] All checks passed.
[2026-04-02 16:30:02] OK: running | crypto/bayesian | equity=$68303.82
[2026-04-02 16:30:02] All checks passed.
[2026-04-02 16:30:02] OK: running | crypto/bayesian | equity=$68303.82
[2026-04-02 16:30:02] All checks passed.
[2026-04-02 16:45:01] OK: running | crypto/bayesian | equity=$68256.96
[2026-04-02 16:45:01] All checks passed.
[2026-04-02 16:45:01] OK: running | crypto/bayesian | equity=$68256.96
[2026-04-02 16:45:01] All checks passed.
[2026-04-02 17:00:02] OK: running | crypto/bayesian | equity=$68293.11
[2026-04-02 17:00:02] All checks passed.
[2026-04-02 17:00:02] OK: running | crypto/bayesian | equity=$68293.11
[2026-04-02 17:00:02] All checks passed.
[2026-04-02 17:15:01] OK: running | crypto/bayesian | equity=$68294.43
[2026-04-02 17:15:02] All checks passed.
[2026-04-02 17:15:01] OK: running | crypto/bayesian | equity=$68294.43
[2026-04-02 17:15:02] All checks passed.
[2026-04-02 17:30:01] OK: running | crypto/bayesian | equity=$68289.11
[2026-04-02 17:30:01] All checks passed.
[2026-04-02 17:30:01] OK: running | crypto/bayesian | equity=$68289.11
[2026-04-02 17:30:01] All checks passed.
[2026-04-02 17:45:01] OK: running | crypto/bayesian | equity=$68279.28
[2026-04-02 17:45:01] All checks passed.
[2026-04-02 17:45:01] OK: running | crypto/bayesian | equity=$68279.28
[2026-04-02 17:45:01] All checks passed.
[2026-04-02 18:00:02] OK: running | crypto/bayesian | equity=$68279.28
[2026-04-02 18:00:02] All checks passed.
[2026-04-02 18:00:02] OK: running | crypto/bayesian | equity=$68279.28
[2026-04-02 18:00:02] All checks passed.
[2026-04-02 18:15:01] OK: running | crypto/bayesian | equity=$68279.28
[2026-04-02 18:15:01] All checks passed.
[2026-04-02 18:15:01] OK: running | crypto/bayesian | equity=$68279.28
[2026-04-02 18:15:01] All checks passed.
[2026-04-02 18:30:02] OK: running | crypto/bayesian | equity=$68279.28
[2026-04-02 18:30:02] All checks passed.
[2026-04-02 18:30:02] OK: running | crypto/bayesian | equity=$68279.28
[2026-04-02 18:30:02] All checks passed.
[2026-04-02 18:45:01] OK: running | crypto/bayesian | equity=$68279.28
[2026-04-02 18:45:01] All checks passed.
[2026-04-02 18:45:01] OK: running | crypto/bayesian | equity=$68279.28
[2026-04-02 18:45:01] All checks passed.
[2026-04-02 19:00:01] OK: running | crypto/bayesian | equity=$68279.28
[2026-04-02 19:00:01] All checks passed.
[2026-04-02 19:00:01] OK: running | crypto/bayesian | equity=$68279.28
[2026-04-02 19:00:01] All checks passed.
[2026-04-02 19:15:01] OK: running | crypto/bayesian | equity=$68331.85
[2026-04-02 19:15:01] All checks passed.
[2026-04-02 19:15:01] OK: running | crypto/bayesian | equity=$68331.85
[2026-04-02 19:15:01] All checks passed.
[2026-04-02 19:30:01] OK: running | crypto/bayesian | equity=$68325.11
[2026-04-02 19:30:01] All checks passed.
[2026-04-02 19:30:01] OK: running | crypto/bayesian | equity=$68325.11
[2026-04-02 19:30:01] All checks passed.
[2026-04-02 19:45:02] OK: running | crypto/bayesian | equity=$68325.11
[2026-04-02 19:45:02] All checks passed.
[2026-04-02 19:45:02] OK: running | crypto/bayesian | equity=$68325.11
[2026-04-02 19:45:02] All checks passed.
[2026-04-02 20:00:01] OK: running | crypto/bayesian | equity=$68325.11
[2026-04-02 20:00:01] All checks passed.
[2026-04-02 20:00:01] OK: running | crypto/bayesian | equity=$68325.11
[2026-04-02 20:00:01] All checks passed.
[2026-04-02 20:15:02] OK: running | crypto/bayesian | equity=$68325.11
[2026-04-02 20:15:02] All checks passed.
[2026-04-02 20:15:02] OK: running | crypto/bayesian | equity=$68325.11
[2026-04-02 20:15:02] All checks passed.
[2026-04-02 20:30:01] OK: running | crypto/bayesian | equity=$68325.11
[2026-04-02 20:30:01] All checks passed.
[2026-04-02 20:30:01] OK: running | crypto/bayesian | equity=$68325.11
[2026-04-02 20:30:01] All checks passed.
[2026-04-02 20:45:01] OK: running | crypto/bayesian | equity=$68325.11
[2026-04-02 20:45:01] All checks passed.
[2026-04-02 20:45:01] OK: running | crypto/bayesian | equity=$68325.11
[2026-04-02 20:45:01] All checks passed.
[2026-04-02 21:00:02] OK: running | crypto/bayesian | equity=$68325.11
[2026-04-02 21:00:02] All checks passed.
[2026-04-02 21:00:02] OK: running | crypto/bayesian | equity=$68325.11
[2026-04-02 21:00:02] All checks passed.
[2026-04-02 21:15:01] OK: running | crypto/bayesian | equity=$68325.11
[2026-04-02 21:15:01] All checks passed.
[2026-04-02 21:15:01] OK: running | crypto/bayesian | equity=$68325.11
[2026-04-02 21:15:01] All checks passed.
[2026-04-02 21:30:02] OK: running | crypto/bayesian | equity=$68325.11
[2026-04-02 21:30:02] All checks passed.
[2026-04-02 21:30:02] OK: running | crypto/bayesian | equity=$68325.11
[2026-04-02 21:30:02] All checks passed.
[2026-04-02 21:45:01] OK: running | crypto/bayesian | equity=$68325.11
[2026-04-02 21:45:01] All checks passed.
[2026-04-02 21:45:01] OK: running | crypto/bayesian | equity=$68325.11
[2026-04-02 21:45:01] All checks passed.
[2026-04-02 22:00:01] OK: running | crypto/bayesian | equity=$68325.11
[2026-04-02 22:00:01] All checks passed.
[2026-04-02 22:00:01] OK: running | crypto/bayesian | equity=$68325.11
[2026-04-02 22:00:01] All checks passed.
[2026-04-02 22:15:02] OK: running | crypto/bayesian | equity=$68325.11
[2026-04-02 22:15:02] All checks passed.
[2026-04-02 22:15:02] OK: running | crypto/bayesian | equity=$68325.11
[2026-04-02 22:15:02] All checks passed.
[2026-04-02 22:30:01] OK: running | crypto/bayesian | equity=$68325.11
[2026-04-02 22:30:01] All checks passed.
[2026-04-02 22:30:01] OK: running | crypto/bayesian | equity=$68325.11
[2026-04-02 22:30:01] All checks passed.
[2026-04-02 22:45:01] OK: running | crypto/bayesian | equity=$68325.11
[2026-04-02 22:45:01] All checks passed.
[2026-04-02 22:45:01] OK: running | crypto/bayesian | equity=$68325.11
[2026-04-02 22:45:01] All checks passed.
[2026-04-02 23:00:01] OK: running | crypto/bayesian | equity=$68325.11
[2026-04-02 23:00:01] All checks passed.
[2026-04-02 23:00:01] OK: running | crypto/bayesian | equity=$68325.11
[2026-04-02 23:00:01] All checks passed.
[2026-04-02 23:15:01] OK: running | crypto/bayesian | equity=$68325.11
[2026-04-02 23:15:01] All checks passed.
[2026-04-02 23:15:01] OK: running | crypto/bayesian | equity=$68325.11
[2026-04-02 23:15:01] All checks passed.
[2026-04-02 23:30:02] OK: running | crypto/bayesian | equity=$68325.11
[2026-04-02 23:30:02] All checks passed.
[2026-04-02 23:30:02] OK: running | crypto/bayesian | equity=$68325.11
[2026-04-02 23:30:02] All checks passed.
[2026-04-02 23:45:01] OK: running | crypto/bayesian | equity=$68325.11
[2026-04-02 23:45:01] All checks passed.
[2026-04-02 23:45:01] OK: running | crypto/bayesian | equity=$68325.11
[2026-04-02 23:45:01] All checks passed.
[2026-04-03 00:00:01] OK: running | crypto/bayesian | equity=$68325.11
[2026-04-03 00:00:01] All checks passed.
[2026-04-03 00:00:01] OK: running | crypto/bayesian | equity=$68325.11
[2026-04-03 00:00:01] All checks passed.
[2026-04-03 00:15:02] OK: running | crypto/bayesian | equity=$68325.11
[2026-04-03 00:15:02] All checks passed.
[2026-04-03 00:15:02] OK: running | crypto/bayesian | equity=$68325.11
[2026-04-03 00:15:02] All checks passed.
[2026-04-03 00:30:01] OK: running | crypto/bayesian | equity=$68325.11
[2026-04-03 00:30:01] All checks passed.
[2026-04-03 00:30:01] OK: running | crypto/bayesian | equity=$68325.11
[2026-04-03 00:30:01] All checks passed.
[2026-04-03 00:45:01] OK: running | crypto/bayesian | equity=$68325.11
[2026-04-03 00:45:01] All checks passed.
[2026-04-03 00:45:01] OK: running | crypto/bayesian | equity=$68325.11
[2026-04-03 00:45:01] All checks passed.
[2026-04-03 01:00:01] OK: running | crypto/bayesian | equity=$68325.11
[2026-04-03 01:00:01] All checks passed.
[2026-04-03 01:00:01] OK: running | crypto/bayesian | equity=$68325.11
[2026-04-03 01:00:01] All checks passed.
[2026-04-03 01:15:01] OK: running | crypto/bayesian | equity=$68325.11
[2026-04-03 01:15:01] All checks passed.
[2026-04-03 01:15:01] OK: running | crypto/bayesian | equity=$68325.11
[2026-04-03 01:15:01] All checks passed.
[2026-04-03 01:30:02] OK: running | crypto/bayesian | equity=$68317.15
[2026-04-03 01:30:02] All checks passed.
[2026-04-03 01:30:02] OK: running | crypto/bayesian | equity=$68317.15
[2026-04-03 01:30:02] All checks passed.
[2026-04-03 01:45:01] OK: running | crypto/bayesian | equity=$68317.15
[2026-04-03 01:45:01] All checks passed.
[2026-04-03 01:45:01] OK: running | crypto/bayesian | equity=$68317.15
[2026-04-03 01:45:01] All checks passed.
[2026-04-03 02:00:01] OK: running | crypto/bayesian | equity=$68317.15
[2026-04-03 02:00:01] All checks passed.
[2026-04-03 02:00:01] OK: running | crypto/bayesian | equity=$68317.15
[2026-04-03 02:00:01] All checks passed.
[2026-04-03 02:15:02] OK: running | crypto/bayesian | equity=$68317.15
[2026-04-03 02:15:02] All checks passed.
[2026-04-03 02:15:02] OK: running | crypto/bayesian | equity=$68317.15
[2026-04-03 02:15:02] All checks passed.
[2026-04-03 02:30:01] OK: running | crypto/bayesian | equity=$68317.15
[2026-04-03 02:30:01] All checks passed.
[2026-04-03 02:30:01] OK: running | crypto/bayesian | equity=$68317.15
[2026-04-03 02:30:01] All checks passed.
[2026-04-03 02:45:02] OK: running | crypto/bayesian | equity=$68317.15
[2026-04-03 02:45:02] All checks passed.
[2026-04-03 02:45:02] OK: running | crypto/bayesian | equity=$68317.15
[2026-04-03 02:45:02] All checks passed.
[2026-04-03 03:00:01] OK: running | crypto/bayesian | equity=$68317.15
[2026-04-03 03:00:01] All checks passed.
[2026-04-03 03:00:01] OK: running | crypto/bayesian | equity=$68317.15
[2026-04-03 03:00:01] All checks passed.
[2026-04-03 03:15:01] OK: running | crypto/bayesian | equity=$68317.15
[2026-04-03 03:15:01] All checks passed.
[2026-04-03 03:15:01] OK: running | crypto/bayesian | equity=$68317.15
[2026-04-03 03:15:01] All checks passed.
[2026-04-03 03:30:02] OK: running | crypto/bayesian | equity=$68317.15
[2026-04-03 03:30:02] All checks passed.
[2026-04-03 03:30:02] OK: running | crypto/bayesian | equity=$68317.15
[2026-04-03 03:30:02] All checks passed.
[2026-04-03 03:45:01] OK: running | crypto/bayesian | equity=$68314.78
[2026-04-03 03:45:01] All checks passed.
[2026-04-03 03:45:01] OK: running | crypto/bayesian | equity=$68314.78
[2026-04-03 03:45:01] All checks passed.
[2026-04-03 04:00:01] OK: running | crypto/bayesian | equity=$68314.78
[2026-04-03 04:00:01] All checks passed.
[2026-04-03 04:00:01] OK: running | crypto/bayesian | equity=$68314.78
[2026-04-03 04:00:01] All checks passed.
[2026-04-03 04:15:01] OK: running | crypto/bayesian | equity=$68300.97
[2026-04-03 04:15:01] All checks passed.
[2026-04-03 04:15:01] OK: running | crypto/bayesian | equity=$68300.97
[2026-04-03 04:15:01] All checks passed.
[2026-04-03 04:30:01] OK: running | crypto/bayesian | equity=$68300.97
[2026-04-03 04:30:01] All checks passed.
[2026-04-03 04:30:01] OK: running | crypto/bayesian | equity=$68300.97
[2026-04-03 04:30:01] All checks passed.
[2026-04-03 04:45:02] OK: running | crypto/bayesian | equity=$68300.97
[2026-04-03 04:45:02] All checks passed.
[2026-04-03 04:45:02] OK: running | crypto/bayesian | equity=$68300.97
[2026-04-03 04:45:02] All checks passed.
[2026-04-03 05:00:01] OK: running | crypto/bayesian | equity=$68300.97
[2026-04-03 05:00:01] All checks passed.
[2026-04-03 05:00:01] OK: running | crypto/bayesian | equity=$68300.97
[2026-04-03 05:00:01] All checks passed.
[2026-04-03 05:15:01] OK: running | crypto/bayesian | equity=$68300.97
[2026-04-03 05:15:01] All checks passed.
[2026-04-03 05:15:01] OK: running | crypto/bayesian | equity=$68300.97
[2026-04-03 05:15:01] All checks passed.
[2026-04-03 05:30:02] OK: running | crypto/bayesian | equity=$68300.97
[2026-04-03 05:30:02] All checks passed.
[2026-04-03 05:30:02] OK: running | crypto/bayesian | equity=$68300.97
[2026-04-03 05:30:02] All checks passed.
[2026-04-03 05:45:01] OK: running | crypto/bayesian | equity=$68300.97
[2026-04-03 05:45:01] All checks passed.
[2026-04-03 05:45:01] OK: running | crypto/bayesian | equity=$68300.97
[2026-04-03 05:45:01] All checks passed.
[2026-04-03 06:00:01] OK: running | crypto/bayesian | equity=$68300.97
[2026-04-03 06:00:01] All checks passed.
[2026-04-03 06:00:01] OK: running | crypto/bayesian | equity=$68300.97
[2026-04-03 06:00:01] All checks passed.
[2026-04-03 06:15:01] OK: running | crypto/bayesian | equity=$68300.97
[2026-04-03 06:15:01] All checks passed.
[2026-04-03 06:15:01] OK: running | crypto/bayesian | equity=$68300.97
[2026-04-03 06:15:01] All checks passed.
[2026-04-03 06:30:01] OK: running | crypto/bayesian | equity=$68300.97
[2026-04-03 06:30:01] All checks passed.
[2026-04-03 06:30:01] OK: running | crypto/bayesian | equity=$68300.97
[2026-04-03 06:30:01] All checks passed.
[2026-04-03 06:45:02] OK: running | crypto/bayesian | equity=$68300.97
[2026-04-03 06:45:02] All checks passed.
[2026-04-03 06:45:02] OK: running | crypto/bayesian | equity=$68300.97
[2026-04-03 06:45:02] All checks passed.
[2026-04-03 07:00:01] OK: running | crypto/bayesian | equity=$68300.97
[2026-04-03 07:00:01] All checks passed.
[2026-04-03 07:00:01] OK: running | crypto/bayesian | equity=$68300.97
[2026-04-03 07:00:01] All checks passed.
[2026-04-03 07:15:01] OK: running | crypto/bayesian | equity=$68300.97
[2026-04-03 07:15:01] All checks passed.
[2026-04-03 07:15:01] OK: running | crypto/bayesian | equity=$68300.97
[2026-04-03 07:15:01] All checks passed.
[2026-04-03 07:30:01] OK: running | crypto/bayesian | equity=$68300.97
[2026-04-03 07:30:01] All checks passed.
[2026-04-03 07:30:01] OK: running | crypto/bayesian | equity=$68300.97
[2026-04-03 07:30:01] All checks passed.
[2026-04-03 07:45:01] OK: running | crypto/bayesian | equity=$68300.97
[2026-04-03 07:45:01] All checks passed.
[2026-04-03 07:45:01] OK: running | crypto/bayesian | equity=$68300.97
[2026-04-03 07:45:01] All checks passed.
[2026-04-03 08:00:02] OK: running | crypto/bayesian | equity=$68300.97
[2026-04-03 08:00:02] All checks passed.
[2026-04-03 08:00:02] OK: running | crypto/bayesian | equity=$68300.97
[2026-04-03 08:00:02] All checks passed.
[2026-04-03 08:15:01] OK: running | crypto/bayesian | equity=$68300.97
[2026-04-03 08:15:01] All checks passed.
[2026-04-03 08:15:01] OK: running | crypto/bayesian | equity=$68300.97
[2026-04-03 08:15:01] All checks passed.
[2026-04-03 08:30:01] OK: running | crypto/bayesian | equity=$68300.97
[2026-04-03 08:30:01] All checks passed.
[2026-04-03 08:30:01] OK: running | crypto/bayesian | equity=$68300.97
[2026-04-03 08:30:01] All checks passed.
[2026-04-03 08:45:02] OK: running | crypto/bayesian | equity=$68300.97
[2026-04-03 08:45:02] All checks passed.
[2026-04-03 08:45:02] OK: running | crypto/bayesian | equity=$68300.97
[2026-04-03 08:45:02] All checks passed.
[2026-04-03 09:00:01] OK: running | crypto/bayesian | equity=$68300.97
[2026-04-03 09:00:01] All checks passed.
[2026-04-03 09:00:01] OK: running | crypto/bayesian | equity=$68300.97
[2026-04-03 09:00:01] All checks passed.
[2026-04-03 09:15:01] OK: running | crypto/bayesian | equity=$68300.97
[2026-04-03 09:15:02] All checks passed.
[2026-04-03 09:15:01] OK: running | crypto/bayesian | equity=$68300.97
[2026-04-03 09:15:02] All checks passed.
[2026-04-03 09:30:01] OK: running | crypto/bayesian | equity=$68300.97
[2026-04-03 09:30:01] All checks passed.
[2026-04-03 09:30:01] OK: running | crypto/bayesian | equity=$68300.97
[2026-04-03 09:30:01] All checks passed.
[2026-04-03 09:45:01] OK: running | crypto/bayesian | equity=$68300.97
[2026-04-03 09:45:01] All checks passed.
[2026-04-03 09:45:01] OK: running | crypto/bayesian | equity=$68300.97
[2026-04-03 09:45:01] All checks passed.
[2026-04-03 10:00:02] OK: running | crypto/bayesian | equity=$68300.97
[2026-04-03 10:00:02] All checks passed.
[2026-04-03 10:00:02] OK: running | crypto/bayesian | equity=$68300.97
[2026-04-03 10:00:02] All checks passed.
[2026-04-03 10:15:01] OK: running | crypto/bayesian | equity=$68300.97
[2026-04-03 10:15:01] All checks passed.
[2026-04-03 10:15:01] OK: running | crypto/bayesian | equity=$68300.97
[2026-04-03 10:15:01] All checks passed.
[2026-04-03 10:30:01] OK: running | crypto/bayesian | equity=$68300.97
[2026-04-03 10:30:01] All checks passed.
[2026-04-03 10:30:01] OK: running | crypto/bayesian | equity=$68300.97
[2026-04-03 10:30:01] All checks passed.
[2026-04-03 10:45:02] OK: running | crypto/bayesian | equity=$68300.97
[2026-04-03 10:45:02] All checks passed.
[2026-04-03 10:45:02] OK: running | crypto/bayesian | equity=$68300.97
[2026-04-03 10:45:02] All checks passed.
[2026-04-03 11:00:01] OK: running | crypto/bayesian | equity=$68300.97
[2026-04-03 11:00:01] All checks passed.
[2026-04-03 11:00:01] OK: running | crypto/bayesian | equity=$68300.97
[2026-04-03 11:00:01] All checks passed.
[2026-04-03 11:15:02] OK: running | crypto/bayesian | equity=$68300.97
[2026-04-03 11:15:02] All checks passed.
[2026-04-03 11:15:02] OK: running | crypto/bayesian | equity=$68300.97
[2026-04-03 11:15:02] All checks passed.
[2026-04-03 11:30:01] OK: running | crypto/bayesian | equity=$68300.97
[2026-04-03 11:30:01] All checks passed.
[2026-04-03 11:30:01] OK: running | crypto/bayesian | equity=$68300.97
[2026-04-03 11:30:01] All checks passed.
[2026-04-03 11:45:01] OK: running | crypto/bayesian | equity=$68300.97
[2026-04-03 11:45:01] All checks passed.
[2026-04-03 11:45:01] OK: running | crypto/bayesian | equity=$68300.97
[2026-04-03 11:45:01] All checks passed.
[2026-04-03 12:00:02] OK: running | crypto/bayesian | equity=$68290.8
[2026-04-03 12:00:02] All checks passed.
[2026-04-03 12:00:02] OK: running | crypto/bayesian | equity=$68290.8
[2026-04-03 12:00:02] All checks passed.
[2026-04-03 12:15:01] OK: running | crypto/bayesian | equity=$68290.8
[2026-04-03 12:15:01] All checks passed.
[2026-04-03 12:15:01] OK: running | crypto/bayesian | equity=$68290.8
[2026-04-03 12:15:01] All checks passed.
[2026-04-03 12:30:01] OK: running | crypto/bayesian | equity=$68284.84
[2026-04-03 12:30:01] All checks passed.
[2026-04-03 12:30:01] OK: running | crypto/bayesian | equity=$68284.84
[2026-04-03 12:30:01] All checks passed.
[2026-04-03 12:45:01] OK: running | crypto/bayesian | equity=$68284.84
[2026-04-03 12:45:01] All checks passed.
[2026-04-03 12:45:01] OK: running | crypto/bayesian | equity=$68284.84
[2026-04-03 12:45:01] All checks passed.
[2026-04-03 13:00:01] OK: running | crypto/bayesian | equity=$68284.84
[2026-04-03 13:00:01] All checks passed.
[2026-04-03 13:00:01] OK: running | crypto/bayesian | equity=$68284.84
[2026-04-03 13:00:01] All checks passed.
[2026-04-03 13:15:02] OK: running | crypto/bayesian | equity=$68284.84
[2026-04-03 13:15:02] All checks passed.
[2026-04-03 13:15:02] OK: running | crypto/bayesian | equity=$68284.84
[2026-04-03 13:15:02] All checks passed.
